0 info it worked if it ends with ok
1 verbose cli [ 'C:\\Program Files\\nodejs\\node.exe',
1 verbose cli   'C:\\Program Files\\nodejs\\node_modules\\npm\\bin\\npm-cli.js',
1 verbose cli   'start',
1 verbose cli   'app.js' ]
2 info using npm@3.10.10
3 info using node@v6.10.3
4 verbose run-script [ 'prestart', 'start', 'poststart' ]
5 info lifecycle microblog@0.0.0~prestart: microblog@0.0.0
6 silly lifecycle microblog@0.0.0~prestart: no script for prestart, continuing
7 info lifecycle microblog@0.0.0~start: microblog@0.0.0
8 verbose lifecycle microblog@0.0.0~start: unsafe-perm in lifecycle true
9 verbose lifecycle microblog@0.0.0~start: PATH: C:\Program Files\nodejs\node_modules\npm\bin\node-gyp-bin;D:\NodeProject\microblog\node_modules\.bin;C:\Program Files\NVIDIA GPU Computing Toolkit\CUDA\v8.0\bin;C:\Program Files\NVIDIA GPU Computing Toolkit\CUDA\v8.0\libnvvp;D:\app\Scorpion\product\11.2.0\dbhome_1\bin;C:\ProgramData\Oracle\Java\javapath;C:\WINDOWS\system32;C:\WINDOWS;C:\WINDOWS\System32\Wbem;C:\WINDOWS\System32\WindowsPowerShell\v1.0\;C:\Program Files\Java\jdk1.8.0_101\bin;C:\Program Files\Java\jdk1.8.0_101\jre\bin;D:\Software\MATLAB\R2015b\runtime\win64;D:\Software\MATLAB\R2015b\bin;D:\Software\MATLAB\R2015b\polyspace\bin;C:\Program Files\Git\cmd;D:\CTEX\UserData\miktex\bin;D:\CTEX\MiKTeX\miktex\bin;D:\CTEX\CTeX\ctex\bin;D:\CTEX\CTeX\cct\bin;D:\CTEX\CTeX\ty\bin;D:\CTEX\Ghostscript\gs9.05\bin;D:\CTEX\GSview\gsview;D:\CTEX\WinEdt;D:\apache-maven-3.3.9\bin;C:\Program Files (x86)\NVIDIA Corporation\PhysX\Common;D:\Program Files\PuTTY\;C:\Program Files\nodejs\;C:\CRY\Software\Anaconda3;C:\CRY\Software\Anaconda3\Scripts;C:\CRY\Software\Anaconda3\Library\bin;C:\Python36\Scripts\;C:\Python36\;C:\Users\Scorpion\AppData\Local\Microsoft\WindowsApps;C:\CRY\Software\Android\sdk\platform-tools;D:\Program Files\MiKTeX 2.9\miktex\bin;D:\apache-maven-3.3.9\bin;C:\Users\Scorpion\AppData\Local\atom\bin;C:\Users\Scorpion\AppData\Roaming\npm
10 verbose lifecycle microblog@0.0.0~start: CWD: D:\NodeProject\microblog
11 silly lifecycle microblog@0.0.0~start: Args: [ '/d /s /c', 'node ./bin/www "app.js"' ]
12 silly lifecycle microblog@0.0.0~start: Returned: code: 3221225786  signal: null
13 info lifecycle microblog@0.0.0~start: Failed to exec start script
14 verbose stack Error: microblog@0.0.0 start: `node ./bin/www "app.js"`
14 verbose stack Exit status 3221225786
14 verbose stack     at EventEmitter.<anonymous> (C:\Program Files\nodejs\node_modules\npm\lib\utils\lifecycle.js:255:16)
14 verbose stack     at emitTwo (events.js:106:13)
14 verbose stack     at EventEmitter.emit (events.js:191:7)
14 verbose stack     at ChildProcess.<anonymous> (C:\Program Files\nodejs\node_modules\npm\lib\utils\spawn.js:40:14)
14 verbose stack     at emitTwo (events.js:106:13)
14 verbose stack     at ChildProcess.emit (events.js:191:7)
14 verbose stack     at maybeClose (internal/child_process.js:886:16)
14 verbose stack     at Process.ChildProcess._handle.onexit (internal/child_process.js:226:5)
15 verbose pkgid microblog@0.0.0
16 verbose cwd D:\NodeProject\microblog
17 error Windows_NT 10.0.14393
18 error argv "C:\\Program Files\\nodejs\\node.exe" "C:\\Program Files\\nodejs\\node_modules\\npm\\bin\\npm-cli.js" "start" "app.js"
19 error node v6.10.3
20 error npm  v3.10.10
21 error code ELIFECYCLE
22 error microblog@0.0.0 start: `node ./bin/www "app.js"`
22 error Exit status 3221225786
23 error Failed at the microblog@0.0.0 start script 'node ./bin/www "app.js"'.
23 error Make sure you have the latest version of node.js and npm installed.
23 error If you do, this is most likely a problem with the microblog package,
23 error not with npm itself.
23 error Tell the author that this fails on your system:
23 error     node ./bin/www "app.js"
23 error You can get information on how to open an issue for this project with:
23 error     npm bugs microblog
23 error Or if that isn't available, you can get their info via:
23 error     npm owner ls microblog
23 error There is likely additional logging output above.
24 verbose exit [ 1, true ]
